<?xml version="1.0" encoding="UTF-8"?>
<!-- Generated by org.testng.reporters.JUnitXMLReporter -->
<testsuite ignored="0" hostname="IBM-216V4D4" failures="0" tests="4" name="Default test" time="4.548" errors="0" timestamp="2026-01-07T10:28:48 IST">
  <testcase classname="climateapi.CityClimateTest" name="getOperation" time="2.798"/>
  <testcase classname="climateapi.CityClimateTest" name="postOperation" time="0.708"/>
  <testcase classname="climateapi.CityClimateTest" name="patchOperation" time="0.047"/>
  <testcase classname="climateapi.CityClimateTest" name="deleteOperation" time="0.048"/>
</testsuite> <!-- Default test -->
