<?xml version="1.0" encoding="UTF-8"?>
<testng-results ignored="0" total="2" passed="2" failed="0" skipped="0">
  <reporter-output>
  </reporter-output>
  <suite started-at="2026-01-07T09:49:11 IST" name="Default suite" finished-at="2026-01-07T09:49:15 IST" duration-ms="3595">
    <groups>
    </groups>
    <test started-at="2026-01-07T09:49:11 IST" name="Default test" finished-at="2026-01-07T09:49:15 IST" duration-ms="3595">
      <class name="climateapi.CityClimateTest">
        <test-method is-config="true" signature="setup()[pri:0, instance:climateapi.CityClimateTest@4d5d943d]" started-at="2026-01-07T09:49:11 IST" name="setup" finished-at="2026-01-07T09:49:12 IST" duration-ms="768" status="PASS">
          <reporter-output>
          </reporter-output>
        </test-method> <!-- setup -->
        <test-method signature="getOperation()[pri:0, instance:climateapi.CityClimateTest@4d5d943d]" started-at="2026-01-07T09:49:12 IST" name="getOperation" finished-at="2026-01-07T09:49:15 IST" duration-ms="2679" status="PASS">
          <reporter-output>
          </reporter-output>
        </test-method> <!-- getOperation -->
        <test-method is-config="true" signature="setup()[pri:0, instance:climateapi.CityClimateTest@4d5d943d]" started-at="2026-01-07T09:49:15 IST" name="setup" finished-at="2026-01-07T09:49:15 IST" duration-ms="2" status="PASS">
          <reporter-output>
          </reporter-output>
        </test-method> <!-- setup -->
        <test-method signature="postOperation()[pri:1, instance:climateapi.CityClimateTest@4d5d943d]" started-at="2026-01-07T09:49:15 IST" name="postOperation" finished-at="2026-01-07T09:49:15 IST" duration-ms="78" status="PASS">
          <reporter-output>
          </reporter-output>
        </test-method> <!-- postOperation -->
      </class> <!-- climateapi.CityClimateTest -->
    </test> <!-- Default test -->
  </suite> <!-- Default suite -->
</testng-results>
