<?xml version="1.0" encoding="UTF-8"?>
<testng-results ignored="0" total="4" passed="4" failed="0" skipped="0">
  <reporter-output>
  </reporter-output>
  <suite started-at="2026-01-07T10:28:43 IST" name="Default suite" finished-at="2026-01-07T10:28:48 IST" duration-ms="4548">
    <groups>
    </groups>
    <test started-at="2026-01-07T10:28:43 IST" name="Default test" finished-at="2026-01-07T10:28:48 IST" duration-ms="4548">
      <class name="climateapi.CityClimateTest">
        <test-method is-config="true" signature="setup()[pri:0, instance:climateapi.CityClimateTest@4c583ecf]" started-at="2026-01-07T10:28:43 IST" name="setup" finished-at="2026-01-07T10:28:44 IST" duration-ms="834" status="PASS">
          <reporter-output>
          </reporter-output>
        </test-method> <!-- setup -->
        <test-method signature="getOperation()[pri:0, instance:climateapi.CityClimateTest@4c583ecf]" started-at="2026-01-07T10:28:44 IST" name="getOperation" finished-at="2026-01-07T10:28:47 IST" duration-ms="2798" status="PASS">
          <reporter-output>
          </reporter-output>
        </test-method> <!-- getOperation -->
        <test-method is-config="true" signature="setup()[pri:0, instance:climateapi.CityClimateTest@4c583ecf]" started-at="2026-01-07T10:28:47 IST" name="setup" finished-at="2026-01-07T10:28:47 IST" duration-ms="2" status="PASS">
          <reporter-output>
          </reporter-output>
        </test-method> <!-- setup -->
        <test-method signature="postOperation()[pri:1, instance:climateapi.CityClimateTest@4c583ecf]" started-at="2026-01-07T10:28:47 IST" name="postOperation" finished-at="2026-01-07T10:28:48 IST" duration-ms="708" status="PASS">
          <reporter-output>
          </reporter-output>
        </test-method> <!-- postOperation -->
        <test-method is-config="true" signature="setup()[pri:0, instance:climateapi.CityClimateTest@4c583ecf]" started-at="2026-01-07T10:28:48 IST" name="setup" finished-at="2026-01-07T10:28:48 IST" duration-ms="1" status="PASS">
          <reporter-output>
          </reporter-output>
        </test-method> <!-- setup -->
        <test-method signature="patchOperation()[pri:2, instance:climateapi.CityClimateTest@4c583ecf]" started-at="2026-01-07T10:28:48 IST" name="patchOperation" finished-at="2026-01-07T10:28:48 IST" duration-ms="47" status="PASS">
          <reporter-output>
          </reporter-output>
        </test-method> <!-- patchOperation -->
        <test-method signature="deleteOperation()[pri:3, instance:climateapi.CityClimateTest@4c583ecf]" started-at="2026-01-07T10:28:48 IST" name="deleteOperation" finished-at="2026-01-07T10:28:48 IST" duration-ms="48" status="PASS">
          <reporter-output>
          </reporter-output>
        </test-method> <!-- deleteOperation -->
        <test-method is-config="true" signature="setup()[pri:0, instance:climateapi.CityClimateTest@4c583ecf]" started-at="2026-01-07T10:28:48 IST" name="setup" finished-at="2026-01-07T10:28:48 IST" duration-ms="0" status="PASS">
          <reporter-output>
          </reporter-output>
        </test-method> <!-- setup -->
      </class> <!-- climateapi.CityClimateTest -->
    </test> <!-- Default test -->
  </suite> <!-- Default suite -->
</testng-results>
