<?xml version="1.0" encoding="UTF-8"?>
<!-- Generated by org.testng.reporters.JUnitReportReporter -->
<testsuite hostname="IBM-216V4D4" failures="0" tests="4" name="climateapi.CityClimateTest" time="4.438" errors="0" timestamp="2026-01-07T10:28:48 IST" skipped="0">
  <testcase classname="climateapi.CityClimateTest" name="getOperation" time="2.799"/>
  <testcase classname="climateapi.CityClimateTest" name="postOperation" time="0.710"/>
  <testcase classname="climateapi.CityClimateTest" name="patchOperation" time="0.047"/>
  <testcase classname="climateapi.CityClimateTest" name="deleteOperation" time="0.882"/>
</testsuite> <!-- climateapi.CityClimateTest -->
